#
# There is insufficient memory for the Java Runtime Environment to continue.
# Native memory allocation (malloc) failed to allocate 340336 bytes for Chunk::new
# Possible reasons:
#   The system is out of physical RAM or swap space
#   The process is running with CompressedOops enabled, and the Java Heap may be blocking the growth of the native heap
# Possible solutions:
#   Reduce memory load on the system
#   Increase physical memory or swap space
#   Check if swap backing store is full
#   Decrease Java heap size (-Xmx/-Xms)
#   Decrease number of Java threads
#   Decrease Java thread stack sizes (-Xss)
#   Set larger code cache with -XX:ReservedCodeCacheSize=
#   JVM is running with Unscaled Compressed Oops mode in which the Java heap is
#     placed in the first 4GB address space. The Java Heap base address is the
#     maximum limit for the native heap growth. Please use -XX:HeapBaseMinAddress
#     to set the Java Heap base and to place the Java Heap above 4GB virtual address.
# This output file may be truncated or incomplete.
#
#  Out of Memory Error (arena.cpp:184), pid=16632, tid=4444
#
# JRE version: Java(TM) SE Runtime Environment (20.0.1+9) (build 20.0.1+9-29)
# Java VM: Java HotSpot(TM) 64-Bit Server VM (20.0.1+9-29, mixed mode, sharing, tiered, compressed oops, compressed class ptrs, g1 gc, windows-amd64)
# No core dump will be written. Minidumps are not enabled by default on client versions of Windows
#

---------------  S U M M A R Y ------------

Command Line: -javaagent:D:\Program Files\JetBrains\IntelliJ IDEA Community Edition 2023.1.3\lib\idea_rt.jar=63821:D:\Program Files\JetBrains\IntelliJ IDEA Community Edition 2023.1.3\bin -Dfile.encoding=UTF-8 -Dsun.stdout.encoding=UTF-8 -Dsun.stderr.encoding=UTF-8 com.cafems.yehor.YehorApplication

Host: Intel(R) Core(TM) i5-7200U CPU @ 2.50GHz, 4 cores, 7G,  Windows 11 , 64 bit Build 22621 (10.0.22621.1778)
Time: Thu Jul 13 16:56:18 2023 FLE Daylight Time elapsed time: 25.482231 seconds (0d 0h 0m 25s)

---------------  T H R E A D  ---------------

Current thread (0x000002426a792be0):  JavaThread "C2 CompilerThread0" daemon [_thread_in_native, id=4444, stack(0x000000ed83a00000,0x000000ed83b00000)]


Current CompileTask:
C2:  25482 5416 %     4       jdk.internal.loader.URLClassPath::getResource @ 39 (74 bytes)

Stack: [0x000000ed83a00000,0x000000ed83b00000]
Native frames: (J=compiled Java code, j=interpreted, Vv=VM code, C=native code)
V  [jvm.dll+0x6bb95a]
V  [jvm.dll+0x8485fa]
V  [jvm.dll+0x84a1f5]
V  [jvm.dll+0x84a8f3]
V  [jvm.dll+0x280b0f]
V  [jvm.dll+0xc2b11]
V  [jvm.dll+0xc2e35]
V  [jvm.dll+0x2f5dbf]
V  [jvm.dll+0x5e32eb]
V  [jvm.dll+0x2543b4]
V  [jvm.dll+0x24c842]
V  [jvm.dll+0x24a549]
V  [jvm.dll+0x1ce491]
V  [jvm.dll+0x259e1b]
V  [jvm.dll+0x2584f0]
V  [jvm.dll+0x3f2895]
V  [jvm.dll+0x7f4b56]
V  [jvm.dll+0x6ba5cb]
C  [ucrtbase.dll+0x29363]
C  [KERNEL32.DLL+0x126ad]
C  [ntdll.dll+0x5a9f8]


---------------  P R O C E S S  ---------------

Threads class SMR info:
_java_thread_list=0x000002426efce980, length=29, elements={
0x000002426a784120, 0x000002426a785a70, 0x000002426a786e30, 0x000002426a78b790,
0x000002426a78d0e0, 0x000002426a78db50, 0x000002426a792be0, 0x000002426e928030,
0x000002426e9d3760, 0x000002426eb942a0, 0x000002426ed1e140, 0x000002427024c7c0,
0x000002427024c270, 0x000002427024b7d0, 0x000002427024bd20, 0x00000242705f2650,
0x00000242705f0bc0, 0x00000242705eebe0, 0x00000242705f2100, 0x00000242705ed6a0,
0x00000242705ef130, 0x00000242705ef680, 0x00000242705f2ba0, 0x00000242705f1110,
0x00000242705ed150, 0x00000242705f30f0, 0x00000242705f0120, 0x00000242705efbd0,
0x00000242705f3640
}

Java Threads: ( => current thread )
  0x000002426a784120 JavaThread "Reference Handler" daemon [_thread_blocked, id=9968, stack(0x000000ed83400000,0x000000ed83500000)]
  0x000002426a785a70 JavaThread "Finalizer" daemon [_thread_blocked, id=16180, stack(0x000000ed83500000,0x000000ed83600000)]
  0x000002426a786e30 JavaThread "Signal Dispatcher" daemon [_thread_blocked, id=11476, stack(0x000000ed83600000,0x000000ed83700000)]
  0x000002426a78b790 JavaThread "Attach Listener" daemon [_thread_blocked, id=16456, stack(0x000000ed83700000,0x000000ed83800000)]
  0x000002426a78d0e0 JavaThread "Service Thread" daemon [_thread_blocked, id=12060, stack(0x000000ed83800000,0x000000ed83900000)]
  0x000002426a78db50 JavaThread "Monitor Deflation Thread" daemon [_thread_blocked, id=12912, stack(0x000000ed83900000,0x000000ed83a00000)]
=>0x000002426a792be0 JavaThread "C2 CompilerThread0" daemon [_thread_in_native, id=4444, stack(0x000000ed83a00000,0x000000ed83b00000)]
  0x000002426e928030 JavaThread "C1 CompilerThread0" daemon [_thread_blocked, id=8964, stack(0x000000ed83b00000,0x000000ed83c00000)]
  0x000002426e9d3760 JavaThread "Common-Cleaner" daemon [_thread_blocked, id=9892, stack(0x000000ed83c00000,0x000000ed83d00000)]
  0x000002426eb942a0 JavaThread "Monitor Ctrl-Break" daemon [_thread_in_native, id=14844, stack(0x000000ed83d00000,0x000000ed83e00000)]
  0x000002426ed1e140 JavaThread "Notification Thread" daemon [_thread_blocked, id=12176, stack(0x000000ed83e00000,0x000000ed83f00000)]
  0x000002427024c7c0 JavaThread "mysql-cj-abandoned-connection-cleanup" daemon [_thread_blocked, id=11640, stack(0x000000ed84000000,0x000000ed84100000)]
  0x000002427024c270 JavaThread "HikariPool-1 housekeeper" daemon [_thread_blocked, id=20732, stack(0x000000ed84500000,0x000000ed84600000)]
  0x000002427024b7d0 JavaThread "Catalina-utility-1" [_thread_blocked, id=7424, stack(0x000000ed84700000,0x000000ed84800000)]
  0x000002427024bd20 JavaThread "Catalina-utility-2" [_thread_blocked, id=11644, stack(0x000000ed84800000,0x000000ed84900000)]
  0x00000242705f2650 JavaThread "container-0" [_thread_blocked, id=12452, stack(0x000000ed84900000,0x000000ed84a00000)]
  0x00000242705f0bc0 JavaThread "http-nio-8088-exec-1" daemon [_thread_blocked, id=11956, stack(0x000000ed84a00000,0x000000ed84b00000)]
  0x00000242705eebe0 JavaThread "http-nio-8088-exec-2" daemon [_thread_blocked, id=7688, stack(0x000000ed84b00000,0x000000ed84c00000)]
  0x00000242705f2100 JavaThread "http-nio-8088-exec-3" daemon [_thread_blocked, id=12608, stack(0x000000ed84c00000,0x000000ed84d00000)]
  0x00000242705ed6a0 JavaThread "http-nio-8088-exec-4" daemon [_thread_blocked, id=16212, stack(0x000000ed84d00000,0x000000ed84e00000)]
  0x00000242705ef130 JavaThread "http-nio-8088-exec-5" daemon [_thread_blocked, id=7288, stack(0x000000ed84e00000,0x000000ed84f00000)]
  0x00000242705ef680 JavaThread "http-nio-8088-exec-6" daemon [_thread_blocked, id=19140, stack(0x000000ed84f00000,0x000000ed85000000)]
  0x00000242705f2ba0 JavaThread "http-nio-8088-exec-7" daemon [_thread_blocked, id=15388, stack(0x000000ed85000000,0x000000ed85100000)]
  0x00000242705f1110 JavaThread "http-nio-8088-exec-8" daemon [_thread_blocked, id=15140, stack(0x000000ed85100000,0x000000ed85200000)]
  0x00000242705ed150 JavaThread "http-nio-8088-exec-9" daemon [_thread_blocked, id=11436, stack(0x000000ed85200000,0x000000ed85300000)]
  0x00000242705f30f0 JavaThread "http-nio-8088-exec-10" daemon [_thread_blocked, id=7868, stack(0x000000ed85300000,0x000000ed85400000)]
  0x00000242705f0120 JavaThread "http-nio-8088-Poller" daemon [_thread_in_native, id=19808, stack(0x000000ed85400000,0x000000ed85500000)]
  0x00000242705efbd0 JavaThread "http-nio-8088-Acceptor" daemon [_thread_in_native, id=4380, stack(0x000000ed85500000,0x000000ed85600000)]
  0x00000242705f3640 JavaThread "DestroyJavaVM" [_thread_blocked, id=16512, stack(0x000000ed82d00000,0x000000ed82e00000)]

Other Threads:
  0x000002426a761850 VMThread "VM Thread" [stack: 0x000000ed83300000,0x000000ed83400000] [id=18088]
  0x000002426ebb5a50 WatcherThread "VM Periodic Task Thread" [stack: 0x000000ed83f00000,0x000000ed84000000] [id=11988]
  0x000002424e6c8900 WorkerThread "GC Thread#0" [stack: 0x000000ed82e00000,0x000000ed82f00000] [id=16996]
  0x000002426f01f5e0 WorkerThread "GC Thread#1" [stack: 0x000000ed84100000,0x000000ed84200000] [id=19396]
  0x000002426f01f8b0 WorkerThread "GC Thread#2" [stack: 0x000000ed84200000,0x000000ed84300000] [id=12496]
  0x000002426f109ba0 WorkerThread "GC Thread#3" [stack: 0x000000ed84300000,0x000000ed84400000] [id=17172]
  0x000002424e6da460 ConcurrentGCThread "G1 Main Marker" [stack: 0x000000ed82f00000,0x000000ed83000000] [id=19764]
  0x000002424e6dae90 WorkerThread "G1 Conc#0" [stack: 0x000000ed83000000,0x000000ed83100000] [id=764]
  0x000002424e71ebb0 ConcurrentGCThread "G1 Refine#0" [stack: 0x000000ed83100000,0x000000ed83200000] [id=3552]
  0x000002426a60f690 ConcurrentGCThread "G1 Service" [stack: 0x000000ed83200000,0x000000ed83300000] [id=8360]

Threads with active compile tasks:
C2 CompilerThread0    25631 5416 %     4       jdk.internal.loader.URLClassPath::getResource @ 39 (74 bytes)
C1 CompilerThread0    25631 5434   !   3       org.springframework.core.annotation.AnnotationTypeMappings::addIfPossible (81 bytes)

VM state: not at safepoint (normal execution)

VM Mutex/Monitor currently owned by a thread: None

Heap address: 0x0000000081e00000, size: 2018 MB, Compressed Oops mode: 32-bit

CDS archive(s) mapped at: [0x0000000800000000-0x0000000800c60000-0x0000000800c60000), size 12976128, SharedBaseAddress: 0x0000000800000000, ArchiveRelocationMode: 0.
Compressed class space mapped at: 0x0000000801000000-0x0000000841000000, reserved size: 1073741824
Narrow klass base: 0x0000000800000000, Narrow klass shift: 0, Narrow klass range: 0x100000000

GC Precious Log:
 CardTable entry size: 512
 Card Set container configuration: InlinePtr #cards 5 size 8 Array Of Cards #cards 12 size 40 Howl #buckets 4 coarsen threshold 1843 Howl Bitmap #cards 512 size 80 coarsen threshold 460 Card regions per heap region 1 cards per card region 2048
 CPUs: 4 total, 4 available
 Memory: 8066M
 Large Page Support: Disabled
 NUMA Support: Disabled
 Compressed Oops: Enabled (32-bit)
 Heap Region Size: 1M
 Heap Min Capacity: 8M
 Heap Initial Capacity: 128M
 Heap Max Capacity: 2018M
 Pre-touch: Disabled
 Parallel Workers: 4
 Concurrent Workers: 1
 Concurrent Refinement Workers: 4
 Periodic GC: Disabled

Heap:
 garbage-first heap   total 58368K, used 27931K [0x0000000081e00000, 0x0000000100000000)
  region size 1024K, 4 young (4096K), 3 survivors (3072K)
 Metaspace       used 60326K, committed 60800K, reserved 1114112K
  class space    used 7856K, committed 8064K, reserved 1048576K

Heap Regions: E=young(eden), S=young(survivor), O=old, HS=humongous(starts), HC=humongous(continues), CS=collection set, F=free, OA=open archive, CA=closed archive, TAMS=top-at-mark-start, PB=parsable bottom
|   0|0x0000000081e00000, 0x0000000081f00000, 0x0000000081f00000|100%|HS|  |TAMS 0x0000000081f00000| PB 0x0000000081e00000| Complete 
|   1|0x0000000081f00000, 0x0000000082000000, 0x0000000082000000|100%| O|  |TAMS 0x0000000082000000| PB 0x0000000081f00000| Untracked 
|   2|0x0000000082000000, 0x0000000082100000, 0x0000000082100000|100%| O|  |TAMS 0x0000000082100000| PB 0x0000000082000000| Untracked 
|   3|0x0000000082100000, 0x0000000082200000, 0x0000000082200000|100%| O|  |TAMS 0x0000000082200000| PB 0x0000000082100000| Untracked 
|   4|0x0000000082200000, 0x0000000082300000, 0x0000000082300000|100%| O|  |TAMS 0x0000000082300000| PB 0x0000000082200000| Untracked 
|   5|0x0000000082300000, 0x0000000082400000, 0x0000000082400000|100%| O|  |TAMS 0x0000000082400000| PB 0x0000000082300000| Untracked 
|   6|0x0000000082400000, 0x0000000082500000, 0x0000000082500000|100%| O|  |TAMS 0x0000000082500000| PB 0x0000000082400000| Untracked 
|   7|0x0000000082500000, 0x0000000082600000, 0x0000000082600000|100%| O|  |TAMS 0x0000000082600000| PB 0x0000000082500000| Untracked 
|   8|0x0000000082600000, 0x0000000082700000, 0x0000000082700000|100%| O|  |TAMS 0x0000000082700000| PB 0x0000000082600000| Untracked 
|   9|0x0000000082700000, 0x0000000082800000, 0x0000000082800000|100%| O|  |TAMS 0x0000000082800000| PB 0x0000000082700000| Untracked 
|  10|0x0000000082800000, 0x0000000082900000, 0x0000000082900000|100%| O|  |TAMS 0x0000000082900000| PB 0x0000000082800000| Untracked 
|  11|0x0000000082900000, 0x0000000082a00000, 0x0000000082a00000|100%| O|  |TAMS 0x0000000082a00000| PB 0x0000000082900000| Untracked 
|  12|0x0000000082a00000, 0x0000000082b00000, 0x0000000082b00000|100%| O|  |TAMS 0x0000000082b00000| PB 0x0000000082a00000| Untracked 
|  13|0x0000000082b00000, 0x0000000082c00000, 0x0000000082c00000|100%| O|  |TAMS 0x0000000082c00000| PB 0x0000000082b00000| Untracked 
|  14|0x0000000082c00000, 0x0000000082d00000, 0x0000000082d00000|100%| O|  |TAMS 0x0000000082d00000| PB 0x0000000082c00000| Untracked 
|  15|0x0000000082d00000, 0x0000000082e00000, 0x0000000082e00000|100%| O|  |TAMS 0x0000000082e00000| PB 0x0000000082d00000| Untracked 
|  16|0x0000000082e00000, 0x0000000082f00000, 0x0000000082f00000|100%| O|  |TAMS 0x0000000082f00000| PB 0x0000000082e00000| Untracked 
|  17|0x0000000082f00000, 0x0000000083000000, 0x0000000083000000|100%| O|  |TAMS 0x0000000083000000| PB 0x0000000082f00000| Untracked 
|  18|0x0000000083000000, 0x0000000083100000, 0x0000000083100000|100%| O|  |TAMS 0x0000000083100000| PB 0x0000000083000000| Untracked 
|  19|0x0000000083100000, 0x0000000083200000, 0x0000000083200000|100%| O|  |TAMS 0x0000000083200000| PB 0x0000000083100000| Untracked 
|  20|0x0000000083200000, 0x0000000083300000, 0x0000000083300000|100%| O|  |TAMS 0x0000000083300000| PB 0x0000000083200000| Untracked 
|  21|0x0000000083300000, 0x0000000083400000, 0x0000000083400000|100%| O|  |TAMS 0x0000000083400000| PB 0x0000000083300000| Untracked 
|  22|0x0000000083400000, 0x0000000083500000, 0x0000000083500000|100%| O|  |TAMS 0x000000008341b800| PB 0x0000000083400000| Untracked 
|  23|0x0000000083500000, 0x0000000083600000, 0x0000000083600000|100%| O|  |TAMS 0x0000000083500000| PB 0x0000000083500000| Untracked 
|  24|0x0000000083600000, 0x0000000083700000, 0x0000000083700000|100%| O|  |TAMS 0x0000000083600000| PB 0x0000000083600000| Untracked 
|  25|0x0000000083700000, 0x0000000083722200, 0x0000000083800000| 13%| O|  |TAMS 0x0000000083700000| PB 0x0000000083700000| Untracked 
|  26|0x0000000083800000, 0x0000000083800000, 0x0000000083900000|  0%| F|  |TAMS 0x0000000083800000| PB 0x0000000083800000| Untracked 
|  27|0x0000000083900000, 0x0000000083900000, 0x0000000083a00000|  0%| F|  |TAMS 0x0000000083900000| PB 0x0000000083900000| Untracked 
|  28|0x0000000083a00000, 0x0000000083a00000, 0x0000000083b00000|  0%| F|  |TAMS 0x0000000083a00000| PB 0x0000000083a00000| Untracked 
|  29|0x0000000083b00000, 0x0000000083b00000, 0x0000000083c00000|  0%| F|  |TAMS 0x0000000083b00000| PB 0x0000000083b00000| Untracked 
|  30|0x0000000083c00000, 0x0000000083c00000, 0x0000000083d00000|  0%| F|  |TAMS 0x0000000083c00000| PB 0x0000000083c00000| Untracked 
|  31|0x0000000083d00000, 0x0000000083d00000, 0x0000000083e00000|  0%| F|  |TAMS 0x0000000083d00000| PB 0x0000000083d00000| Untracked 
|  32|0x0000000083e00000, 0x0000000083e00000, 0x0000000083f00000|  0%| F|  |TAMS 0x0000000083e00000| PB 0x0000000083e00000| Untracked 
|  33|0x0000000083f00000, 0x0000000083f00000, 0x0000000084000000|  0%| F|  |TAMS 0x0000000083f00000| PB 0x0000000083f00000| Untracked 
|  34|0x0000000084000000, 0x0000000084024a20, 0x0000000084100000| 14%| S|CS|TAMS 0x0000000084000000| PB 0x0000000084000000| Complete 
|  35|0x0000000084100000, 0x0000000084200000, 0x0000000084200000|100%| S|CS|TAMS 0x0000000084100000| PB 0x0000000084100000| Complete 
|  36|0x0000000084200000, 0x0000000084300000, 0x0000000084300000|100%| S|CS|TAMS 0x0000000084200000| PB 0x0000000084200000| Complete 
|  37|0x0000000084300000, 0x0000000084300000, 0x0000000084400000|  0%| F|  |TAMS 0x0000000084300000| PB 0x0000000084300000| Untracked 
|  38|0x0000000084400000, 0x0000000084400000, 0x0000000084500000|  0%| F|  |TAMS 0x0000000084400000| PB 0x0000000084400000| Untracked 
|  39|0x0000000084500000, 0x0000000084500000, 0x0000000084600000|  0%| F|  |TAMS 0x0000000084500000| PB 0x0000000084500000| Untracked 
|  40|0x0000000084600000, 0x0000000084600000, 0x0000000084700000|  0%| F|  |TAMS 0x0000000084600000| PB 0x0000000084600000| Untracked 
|  41|0x0000000084700000, 0x0000000084700000, 0x0000000084800000|  0%| F|  |TAMS 0x0000000084700000| PB 0x0000000084700000| Untracked 
|  42|0x0000000084800000, 0x0000000084800000, 0x0000000084900000|  0%| F|  |TAMS 0x0000000084800000| PB 0x0000000084800000| Untracked 
|  43|0x0000000084900000, 0x0000000084900000, 0x0000000084a00000|  0%| F|  |TAMS 0x0000000084900000| PB 0x0000000084900000| Untracked 
|  44|0x0000000084a00000, 0x0000000084a00000, 0x0000000084b00000|  0%| F|  |TAMS 0x0000000084a00000| PB 0x0000000084a00000| Untracked 
|  45|0x0000000084b00000, 0x0000000084b00000, 0x0000000084c00000|  0%| F|  |TAMS 0x0000000084b00000| PB 0x0000000084b00000| Untracked 
|  46|0x0000000084c00000, 0x0000000084c00000, 0x0000000084d00000|  0%| F|  |TAMS 0x0000000084c00000| PB 0x0000000084c00000| Untracked 
|  47|0x0000000084d00000, 0x0000000084d00000, 0x0000000084e00000|  0%| F|  |TAMS 0x0000000084d00000| PB 0x0000000084d00000| Untracked 
|  48|0x0000000084e00000, 0x0000000084e00000, 0x0000000084f00000|  0%| F|  |TAMS 0x0000000084e00000| PB 0x0000000084e00000| Untracked 
|  49|0x0000000084f00000, 0x0000000084f00000, 0x0000000085000000|  0%| F|  |TAMS 0x0000000084f00000| PB 0x0000000084f00000| Untracked 
|  73|0x0000000086700000, 0x0000000086700000, 0x0000000086800000|  0%| F|  |TAMS 0x0000000086700000| PB 0x0000000086700000| Untracked 
|  74|0x0000000086800000, 0x0000000086800000, 0x0000000086900000|  0%| F|  |TAMS 0x0000000086800000| PB 0x0000000086800000| Untracked 
|  75|0x0000000086900000, 0x0000000086900000, 0x0000000086a00000|  0%| F|  |TAMS 0x0000000086900000| PB 0x0000000086900000| Untracked 
|  76|0x0000000086a00000, 0x0000000086a00000, 0x0000000086b00000|  0%| F|  |TAMS 0x0000000086a00000| PB 0x0000000086a00000| Untracked 
|  77|0x0000000086b00000, 0x0000000086b00000, 0x0000000086c00000|  0%| F|  |TAMS 0x0000000086b00000| PB 0x0000000086b00000| Untracked 
|  78|0x0000000086c00000, 0x0000000086c00000, 0x0000000086d00000|  0%| F|  |TAMS 0x0000000086c00000| PB 0x0000000086c00000| Untracked 
| 127|0x0000000089d00000, 0x0000000089d95720, 0x0000000089e00000| 58%| E|  |TAMS 0x0000000089d00000| PB 0x0000000089d00000| Complete 

Card table byte_map: [0x0000024265b10000,0x0000024265f10000] _byte_map_base: 0x0000024265701000

Marking Bits: (CMBitMap*) 0x000002424e6c9f40
 Bits: [0x0000024266310000, 0x0000024268298000)

Polling page: 0x000002424c7f0000

Metaspace:

Usage:
  Non-class:     51.24 MB used.
      Class:      7.67 MB used.
       Both:     58.91 MB used.

Virtual space:
  Non-class space:       64.00 MB reserved,      51.50 MB ( 80%) committed,  1 nodes.
      Class space:        1.00 GB reserved,       7.88 MB ( <1%) committed,  1 nodes.
             Both:        1.06 GB reserved,      59.38 MB (  5%) committed. 

Chunk freelists:
   Non-Class:  3.67 MB
       Class:  80.00 KB
        Both:  3.75 MB

MaxMetaspaceSize: unlimited
CompressedClassSpaceSize: 1.00 GB
Initial GC threshold: 21.00 MB
Current GC threshold: 59.50 MB
CDS: on
MetaspaceReclaimPolicy: balanced
 - commit_granule_bytes: 65536.
 - commit_granule_words: 8192.
 - virtual_space_node_default_size: 8388608.
 - enlarge_chunks_in_place: 1.
 - new_chunks_are_fully_committed: 0.
 - uncommit_free_chunks: 1.
 - use_allocation_guard: 0.


Internal statistics:

num_allocs_failed_limit: 12.
num_arena_births: 522.
num_arena_deaths: 0.
num_vsnodes_births: 2.
num_vsnodes_deaths: 0.
num_space_committed: 950.
num_space_uncommitted: 0.
num_chunks_returned_to_freelist: 12.
num_chunks_taken_from_freelist: 2480.
num_chunk_merges: 9.
num_chunk_splits: 1859.
num_chunks_enlarged: 1577.
num_inconsistent_stats: 0.

CodeHeap 'non-profiled nmethods': size=120000Kb used=2560Kb max_used=2560Kb free=117439Kb
 bounds [0x000002425e1e0000, 0x000002425e470000, 0x0000024265710000]
CodeHeap 'profiled nmethods': size=120000Kb used=10250Kb max_used=10250Kb free=109749Kb
 bounds [0x0000024256710000, 0x0000024257120000, 0x000002425dc40000]
CodeHeap 'non-nmethods': size=5760Kb used=1693Kb max_used=1759Kb free=4066Kb
 bounds [0x000002425dc40000, 0x000002425deb0000, 0x000002425e1e0000]
 total_blobs=5683 nmethods=5010 adapters=583
 compilation: enabled
              stopped_count=0, restarted_count=0
 full_count=0

Compilation events (20 events):
Event: 25.245 Thread 0x000002426e928030 nmethod 5411 0x0000024257103610 code [0x00000242571037c0, 0x0000024257103aa0]
Event: 25.253 Thread 0x000002426e928030 5412       3       org.apache.juli.logging.DirectJDKLog::isDebugEnabled (11 bytes)
Event: 25.253 Thread 0x000002426e928030 nmethod 5412 0x0000024257103c10 code [0x0000024257103da0, 0x0000024257104050]
Event: 25.264 Thread 0x000002426e928030 5413       3       java.io.StringReader::ensureOpen (18 bytes)
Event: 25.265 Thread 0x000002426e928030 nmethod 5413 0x0000024257104190 code [0x0000024257104320, 0x0000024257104530]
Event: 25.280 Thread 0x000002426e928030 5415       1       sun.util.calendar.CalendarDate::getYear (5 bytes)
Event: 25.280 Thread 0x000002426e928030 nmethod 5415 0x000002425e45da90 code [0x000002425e45dc00, 0x000002425e45dcc8]
Event: 25.283 Thread 0x000002426a792be0 nmethod 5409 0x000002425e45dd90 code [0x000002425e45dfe0, 0x000002425e45f2c0]
Event: 25.283 Thread 0x000002426a792be0 5416 %     4       jdk.internal.loader.URLClassPath::getResource @ 39 (74 bytes)
Event: 25.318 Thread 0x000002426e928030 5418       2       java.util.Properties$LineReader::readLine (584 bytes)
Event: 25.324 Thread 0x000002426e928030 nmethod 5418 0x0000024257104610 code [0x00000242571048e0, 0x0000024257106238]
Event: 25.325 Thread 0x000002426e928030 5419       3       java.util.concurrent.ConcurrentHashMap::entrySet (25 bytes)
Event: 25.325 Thread 0x000002426e928030 nmethod 5419 0x0000024257106c90 code [0x0000024257106e40, 0x00000242571071e0]
Event: 25.325 Thread 0x000002426e928030 5420       3       java.util.concurrent.ConcurrentHashMap$EntrySetView::iterator (34 bytes)
Event: 25.325 Thread 0x000002426e928030 nmethod 5420 0x0000024257107310 code [0x00000242571074a0, 0x00000242571076d0]
Event: 25.326 Thread 0x000002426e928030 5421       3       ch.qos.logback.core.pattern.Converter::write (11 bytes)
Event: 25.327 Thread 0x000002426e928030 nmethod 5421 0x0000024257107810 code [0x00000242571079c0, 0x0000024257107c28]
Event: 25.327 Thread 0x000002426e928030 5422       3       ch.qos.logback.core.pattern.LiteralConverter::convert (5 bytes)
Event: 25.327 Thread 0x000002426e928030 nmethod 5422 0x0000024257107d90 code [0x0000024257107f20, 0x0000024257108030]
Event: 25.329 Thread 0x000002426e928030 5424       3       org.springframework.core.OrderComparator::getOrder (111 bytes)

GC Heap History (20 events):
Event: 1.533 GC heap before
{Heap before GC invocations=1 (full 0):
 garbage-first heap   total 131072K, used 18190K [0x0000000081e00000, 0x0000000100000000)
  region size 1024K, 13 young (13312K), 2 survivors (2048K)
 Metaspace       used 6700K, committed 6912K, reserved 1114112K
  class space    used 757K, committed 832K, reserved 1048576K
}
Event: 1.539 GC heap after
{Heap after GC invocations=2 (full 0):
 garbage-first heap   total 131072K, used 8705K [0x0000000081e00000, 0x0000000100000000)
  region size 1024K, 2 young (2048K), 2 survivors (2048K)
 Metaspace       used 6700K, committed 6912K, reserved 1114112K
  class space    used 757K, committed 832K, reserved 1048576K
}
Event: 2.213 GC heap before
{Heap before GC invocations=2 (full 0):
 garbage-first heap   total 131072K, used 32257K [0x0000000081e00000, 0x0000000100000000)
  region size 1024K, 26 young (26624K), 2 survivors (2048K)
 Metaspace       used 13713K, committed 14016K, reserved 1114112K
  class space    used 1617K, committed 1728K, reserved 1048576K
}
Event: 2.218 GC heap after
{Heap after GC invocations=3 (full 0):
 garbage-first heap   total 131072K, used 10072K [0x0000000081e00000, 0x0000000100000000)
  region size 1024K, 3 young (3072K), 3 survivors (3072K)
 Metaspace       used 13713K, committed 14016K, reserved 1114112K
  class space    used 1617K, committed 1728K, reserved 1048576K
}
Event: 4.080 GC heap before
{Heap before GC invocations=3 (full 0):
 garbage-first heap   total 131072K, used 55128K [0x0000000081e00000, 0x0000000100000000)
  region size 1024K, 49 young (50176K), 3 survivors (3072K)
 Metaspace       used 21236K, committed 21504K, reserved 1114112K
  class space    used 2565K, committed 2688K, reserved 1048576K
}
Event: 4.093 GC heap after
{Heap after GC invocations=4 (full 0):
 garbage-first heap   total 131072K, used 13094K [0x0000000081e00000, 0x0000000100000000)
  region size 1024K, 6 young (6144K), 6 survivors (6144K)
 Metaspace       used 21236K, committed 21504K, reserved 1114112K
  class space    used 2565K, committed 2688K, reserved 1048576K
}
Event: 6.028 GC heap before
{Heap before GC invocations=5 (full 0):
 garbage-first heap   total 48128K, used 35622K [0x0000000081e00000, 0x0000000100000000)
  region size 1024K, 28 young (28672K), 6 survivors (6144K)
 Metaspace       used 26521K, committed 26816K, reserved 1114112K
  class space    used 3262K, committed 3392K, reserved 1048576K
}
Event: 6.054 GC heap after
{Heap after GC invocations=6 (full 0):
 garbage-first heap   total 48128K, used 16437K [0x0000000081e00000, 0x0000000100000000)
  region size 1024K, 4 young (4096K), 4 survivors (4096K)
 Metaspace       used 26521K, committed 26816K, reserved 1114112K
  class space    used 3262K, committed 3392K, reserved 1048576K
}
Event: 6.915 GC heap before
{Heap before GC invocations=6 (full 0):
 garbage-first heap   total 48128K, used 35893K [0x0000000081e00000, 0x0000000100000000)
  region size 1024K, 24 young (24576K), 4 survivors (4096K)
 Metaspace       used 30343K, committed 30720K, reserved 1114112K
  class space    used 3762K, committed 3904K, reserved 1048576K
}
Event: 6.934 GC heap after
{Heap after GC invocations=7 (full 0):
 garbage-first heap   total 48128K, used 17470K [0x0000000081e00000, 0x0000000100000000)
  region size 1024K, 2 young (2048K), 2 survivors (2048K)
 Metaspace       used 30343K, committed 30720K, reserved 1114112K
  class space    used 3762K, committed 3904K, reserved 1048576K
}
Event: 7.772 GC heap before
{Heap before GC invocations=7 (full 0):
 garbage-first heap   total 48128K, used 32830K [0x0000000081e00000, 0x0000000100000000)
  region size 1024K, 19 young (19456K), 2 survivors (2048K)
 Metaspace       used 35648K, committed 35968K, reserved 1114112K
  class space    used 4566K, committed 4672K, reserved 1048576K
}
Event: 7.781 GC heap after
{Heap after GC invocations=8 (full 0):
 garbage-first heap   total 48128K, used 19174K [0x0000000081e00000, 0x0000000100000000)
  region size 1024K, 2 young (2048K), 2 survivors (2048K)
 Metaspace       used 35648K, committed 35968K, reserved 1114112K
  class space    used 4566K, committed 4672K, reserved 1048576K
}
Event: 9.284 GC heap before
{Heap before GC invocations=9 (full 0):
 garbage-first heap   total 48128K, used 38630K [0x0000000081e00000, 0x0000000100000000)
  region size 1024K, 21 young (21504K), 2 survivors (2048K)
 Metaspace       used 43862K, committed 44224K, reserved 1114112K
  class space    used 5589K, committed 5760K, reserved 1048576K
}
Event: 9.293 GC heap after
{Heap after GC invocations=10 (full 0):
 garbage-first heap   total 48128K, used 21426K [0x0000000081e00000, 0x0000000100000000)
  region size 1024K, 3 young (3072K), 3 survivors (3072K)
 Metaspace       used 43862K, committed 44224K, reserved 1114112K
  class space    used 5589K, committed 5760K, reserved 1048576K
}
Event: 10.180 GC heap before
{Heap before GC invocations=10 (full 0):
 garbage-first heap   total 48128K, used 39858K [0x0000000081e00000, 0x0000000100000000)
  region size 1024K, 22 young (22528K), 3 survivors (3072K)
 Metaspace       used 49643K, committed 50048K, reserved 1114112K
  class space    used 6452K, committed 6656K, reserved 1048576K
}
Event: 10.193 GC heap after
{Heap after GC invocations=11 (full 0):
 garbage-first heap   total 48128K, used 22889K [0x0000000081e00000, 0x0000000100000000)
  region size 1024K, 2 young (2048K), 2 survivors (2048K)
 Metaspace       used 49643K, committed 50048K, reserved 1114112K
  class space    used 6452K, committed 6656K, reserved 1048576K
}
Event: 10.736 GC heap before
{Heap before GC invocations=11 (full 0):
 garbage-first heap   total 48128K, used 41321K [0x0000000081e00000, 0x0000000100000000)
  region size 1024K, 20 young (20480K), 2 survivors (2048K)
 Metaspace       used 52747K, committed 53184K, reserved 1114112K
  class space    used 6837K, committed 7040K, reserved 1048576K
}
Event: 10.744 GC heap after
{Heap after GC invocations=12 (full 0):
 garbage-first heap   total 58368K, used 23907K [0x0000000081e00000, 0x0000000100000000)
  region size 1024K, 3 young (3072K), 3 survivors (3072K)
 Metaspace       used 52747K, committed 53184K, reserved 1114112K
  class space    used 6837K, committed 7040K, reserved 1048576K
}
Event: 11.762 GC heap before
{Heap before GC invocations=12 (full 0):
 garbage-first heap   total 58368K, used 48483K [0x0000000081e00000, 0x0000000100000000)
  region size 1024K, 28 young (28672K), 3 survivors (3072K)
 Metaspace       used 56579K, committed 56960K, reserved 1114112K
  class space    used 7376K, committed 7552K, reserved 1048576K
}
Event: 11.770 GC heap after
{Heap after GC invocations=13 (full 0):
 garbage-first heap   total 58368K, used 26096K [0x0000000081e00000, 0x0000000100000000)
  region size 1024K, 4 young (4096K), 4 survivors (4096K)
 Metaspace       used 56579K, committed 56960K, reserved 1114112K
  class space    used 7376K, committed 7552K, reserved 1048576K
}

Dll operation events (14 events):
Event: 0.021 Loaded shared library C:\Program Files\Java\jdk-20.0.1\bin\java.dll
Event: 0.046 Loaded shared library C:\Program Files\Java\jdk-20.0.1\bin\jsvml.dll
Event: 0.245 Loaded shared library C:\Program Files\Java\jdk-20.0.1\bin\zip.dll
Event: 0.249 Loaded shared library C:\Program Files\Java\jdk-20.0.1\bin\instrument.dll
Event: 0.257 Loaded shared library C:\Program Files\Java\jdk-20.0.1\bin\net.dll
Event: 0.261 Loaded shared library C:\Program Files\Java\jdk-20.0.1\bin\nio.dll
Event: 0.266 Loaded shared library C:\Program Files\Java\jdk-20.0.1\bin\zip.dll
Event: 0.454 Loaded shared library D:\Program Files\JetBrains\IntelliJ IDEA Community Edition 2023.1.3\bin\breakgen64.dll
Event: 0.472 Loaded shared library C:\Program Files\Java\jdk-20.0.1\bin\extnet.dll
Event: 0.518 Loaded shared library C:\Program Files\Java\jdk-20.0.1\bin\verify.dll
Event: 0.530 Loaded shared library C:\Program Files\Java\jdk-20.0.1\bin\jimage.dll
Event: 1.708 Loaded shared library C:\Program Files\Java\jdk-20.0.1\bin\management.dll
Event: 1.712 Loaded shared library C:\Program Files\Java\jdk-20.0.1\bin\management_ext.dll
Event: 6.145 Loaded shared library C:\Program Files\Java\jdk-20.0.1\bin\sunmscapi.dll

Deoptimization events (20 events):
Event: 12.130 Thread 0x000002424e671580 Uncommon trap: trap_request=0xffffff45 fr.pc=0x000002425e3c932c relative=0x00000000000007ec
Event: 12.130 Thread 0x000002424e671580 Uncommon trap: reason=unstable_if action=reinterpret pc=0x000002425e3c932c method=java.util.Collections$SetFromMap.add(Ljava/lang/Object;)Z @ 13 c2
Event: 12.130 Thread 0x000002424e671580 DEOPT PACKING pc=0x000002425e3c932c sp=0x000000ed82dfe370
Event: 12.130 Thread 0x000002424e671580 DEOPT UNPACKING pc=0x000002425dca9d22 sp=0x000000ed82dfe380 mode 2
Event: 12.169 Thread 0x000002424e671580 Uncommon trap: trap_request=0xfffffff4 fr.pc=0x000002425e2ef380 relative=0x0000000000000260
Event: 12.169 Thread 0x000002424e671580 Uncommon trap: reason=null_check action=make_not_entrant pc=0x000002425e2ef380 method=org.springframework.util.ClassUtils.isAssignable(Ljava/lang/Class;Ljava/lang/Class;)Z @ 14 c2
Event: 12.169 Thread 0x000002424e671580 DEOPT PACKING pc=0x000002425e2ef380 sp=0x000000ed82dfe980
Event: 12.169 Thread 0x000002424e671580 DEOPT UNPACKING pc=0x000002425dca9d22 sp=0x000000ed82dfe910 mode 2
Event: 12.304 Thread 0x000002424e671580 Uncommon trap: trap_request=0xffffff45 fr.pc=0x000002425e43a12c relative=0x0000000000000bcc
Event: 12.304 Thread 0x000002424e671580 Uncommon trap: reason=unstable_if action=reinterpret pc=0x000002425e43a12c method=org.springframework.core.annotation.AnnotationsScanner.isWithoutHierarchy(Ljava/lang/reflect/AnnotatedElement;Lorg/springframework/core/annotation/MergedAnnotations$SearchSt
Event: 12.304 Thread 0x000002424e671580 DEOPT PACKING pc=0x000002425e43a12c sp=0x000000ed82dfebd0
Event: 12.304 Thread 0x000002424e671580 DEOPT UNPACKING pc=0x000002425dca9d22 sp=0x000000ed82dfeb38 mode 2
Event: 12.305 Thread 0x000002424e671580 Uncommon trap: trap_request=0xffffff45 fr.pc=0x000002425e40b328 relative=0x00000000000007a8
Event: 12.305 Thread 0x000002424e671580 Uncommon trap: reason=unstable_if action=reinterpret pc=0x000002425e40b328 method=org.springframework.core.annotation.AnnotationsScanner.isWithoutHierarchy(Ljava/lang/reflect/AnnotatedElement;Lorg/springframework/core/annotation/MergedAnnotations$SearchSt
Event: 12.305 Thread 0x000002424e671580 DEOPT PACKING pc=0x000002425e40b328 sp=0x000000ed82dfec40
Event: 12.305 Thread 0x000002424e671580 DEOPT UNPACKING pc=0x000002425dca9d22 sp=0x000000ed82dfec10 mode 2
Event: 25.207 Thread 0x00000242705f0bc0 Uncommon trap: trap_request=0xffffff54 fr.pc=0x000002425e34fca8 relative=0x00000000000038e8
Event: 25.207 Thread 0x00000242705f0bc0 Uncommon trap: reason=speculate_null_assert action=make_not_entrant pc=0x000002425e34fca8 method=java.lang.invoke.MethodType$ConcurrentWeakInternSet.add(Ljava/lang/Object;)Ljava/lang/Object; @ 47 c2
Event: 25.207 Thread 0x00000242705f0bc0 DEOPT PACKING pc=0x000002425e34fca8 sp=0x000000ed84afe3c0
Event: 25.207 Thread 0x00000242705f0bc0 DEOPT UNPACKING pc=0x000002425dca9d22 sp=0x000000ed84afe368 mode 2

Classes loaded (20 events):
Event: 25.201 Loading class sun/nio/ch/SocketAdaptor
Event: 25.202 Loading class sun/nio/ch/SocketAdaptor done
Event: 25.202 Loading class sun/nio/ch/SocketChannelImpl$DefaultOptionsHolder
Event: 25.202 Loading class sun/nio/ch/SocketChannelImpl$DefaultOptionsHolder done
Event: 25.203 Loading class sun/nio/ch/SelectionKeyImpl
Event: 25.203 Loading class java/nio/channels/spi/AbstractSelectionKey
Event: 25.203 Loading class java/nio/channels/SelectionKey
Event: 25.203 Loading class java/nio/channels/SelectionKey done
Event: 25.203 Loading class java/nio/channels/spi/AbstractSelectionKey done
Event: 25.203 Loading class sun/nio/ch/SelectionKeyImpl done
Event: 25.204 Loading class java/lang/invoke/ConstantBootstraps
Event: 25.205 Loading class java/lang/invoke/ConstantBootstraps done
Event: 25.262 Loading class sun/nio/cs/ThreadLocalCoders
Event: 25.262 Loading class sun/nio/cs/ThreadLocalCoders done
Event: 25.262 Loading class sun/nio/cs/ThreadLocalCoders$1
Event: 25.262 Loading class sun/nio/cs/ThreadLocalCoders$Cache
Event: 25.262 Loading class sun/nio/cs/ThreadLocalCoders$Cache done
Event: 25.262 Loading class sun/nio/cs/ThreadLocalCoders$1 done
Event: 25.262 Loading class sun/nio/cs/ThreadLocalCoders$2
Event: 25.262 Loading class sun/nio/cs/ThreadLocalCoders$2 done

Classes unloaded (0 events):
No events

Classes redefined (0 events):
No events

Internal exceptions (20 events):
Event: 11.123 Thread 0x000002424e671580 Exception <a 'java/lang/ClassNotFoundException'{0x0000000084d8d6c0}: org/springframework/beans/factory/AwareCustomizer> (0x0000000084d8d6c0) 
thrown [s\open\src\hotspot\share\classfile\systemDictionary.cpp, line 305]
Event: 11.125 Thread 0x000002424e671580 Exception <a 'java/lang/ClassNotFoundException'{0x0000000084d91318}: org/springframework/web/context/ServletContextAwareCustomizer> (0x0000000084d91318) 
thrown [s\open\src\hotspot\share\classfile\systemDictionary.cpp, line 305]
Event: 11.125 Thread 0x000002424e671580 Exception <a 'java/lang/ClassNotFoundException'{0x0000000084d96240}: org/springframework/beans/factory/AwareCustomizer> (0x0000000084d96240) 
thrown [s\open\src\hotspot\share\classfile\systemDictionary.cpp, line 305]
Event: 11.129 Thread 0x000002424e671580 Exception <a 'java/lang/NoSuchMethodError'{0x0000000084db5820}: 'java.lang.Object java.lang.invoke.DirectMethodHandle$Holder.newInvokeSpecial(java.lang.Object, java.lang.Object, java.lang.Object, java.lang.Object, java.lang.Object, java.lang.Object, java.lang.Object, java.lang.Object)'> (0x0000000084db5820) 
thrown [s\open\src\hotspot\share\interpreter\linkResolver.cpp, line 773]
Event: 11.222 Thread 0x000002424e671580 Exception <a 'java/lang/ClassNotFoundException'{0x0000000084a1abd8}: java/lang/ObjectCustomizer> (0x0000000084a1abd8) 
thrown [s\open\src\hotspot\share\classfile\systemDictionary.cpp, line 305]
Event: 11.223 Thread 0x000002424e671580 Exception <a 'java/lang/ClassNotFoundException'{0x0000000084a225c0}: org/springframework/security/config/annotation/web/configuration/WebSecurityConfigurationCustomizer> (0x0000000084a225c0) 
thrown [s\open\src\hotspot\share\classfile\systemDictionary.cpp, line 305]
Event: 11.224 Thread 0x000002424e671580 Exception <a 'java/lang/ClassNotFoundException'{0x0000000084a2f0d8}: org/springframework/context/annotation/ImportAwareCustomizer> (0x0000000084a2f0d8) 
thrown [s\open\src\hotspot\share\classfile\systemDictionary.cpp, line 305]
Event: 11.225 Thread 0x000002424e671580 Exception <a 'java/lang/ClassNotFoundException'{0x0000000084a33960}: org/springframework/beans/factory/AwareCustomizer> (0x0000000084a33960) 
thrown [s\open\src\hotspot\share\classfile\systemDictionary.cpp, line 305]
Event: 11.226 Thread 0x000002424e671580 Exception <a 'java/lang/ClassNotFoundException'{0x0000000084a37708}: org/springframework/beans/factory/BeanClassLoaderAwareCustomizer> (0x0000000084a37708) 
thrown [s\open\src\hotspot\share\classfile\systemDictionary.cpp, line 305]
Event: 11.227 Thread 0x000002424e671580 Exception <a 'java/lang/ClassNotFoundException'{0x0000000084a3bf70}: org/springframework/beans/factory/AwareCustomizer> (0x0000000084a3bf70) 
thrown [s\open\src\hotspot\share\classfile\systemDictionary.cpp, line 305]
Event: 11.283 Thread 0x000002424e671580 Implicit null exception at 0x000002425e2ad9b2 to 0x000002425e2ada72
Event: 11.504 Thread 0x000002424e671580 Exception <a 'java/lang/ClassNotFoundException'{0x0000000084379220}: java/lang/ObjectCustomizer> (0x0000000084379220) 
thrown [s\open\src\hotspot\share\classfile\systemDictionary.cpp, line 305]
Event: 11.504 Thread 0x000002424e671580 Exception <a 'java/lang/ClassNotFoundException'{0x000000008437f628}: org/springframework/security/config/annotation/web/configuration/HttpSecurityConfigurationCustomizer> (0x000000008437f628) 
thrown [s\open\src\hotspot\share\classfile\systemDictionary.cpp, line 305]
Event: 11.861 Thread 0x000002424e671580 Exception <a 'java/lang/NoSuchMethodError'{0x0000000086c3c7c8}: 'void java.lang.invoke.DirectMethodHandle$Holder.invokeVirtual(java.lang.Object, java.lang.Object, long)'> (0x0000000086c3c7c8) 
thrown [s\open\src\hotspot\share\interpreter\linkResolver.cpp, line 773]
Event: 12.071 Thread 0x000002424e671580 Exception <a 'java/lang/IncompatibleClassChangeError'{0x000000008674cb78}: Found class java.lang.Object, but interface was expected> (0x000000008674cb78) 
thrown [s\open\src\hotspot\share\interpreter\linkResolver.cpp, line 840]
Event: 12.124 Thread 0x000002424e671580 Exception <a 'java/lang/NoSuchMethodError'{0x0000000084fbafa8}: 'int java.lang.invoke.DirectMethodHandle$Holder.invokeStaticInit(java.lang.Object, java.lang.Object, java.lang.Object, java.lang.Object)'> (0x0000000084fbafa8) 
thrown [s\open\src\hotspot\share\interpreter\linkResolver.cpp, line 773]
Event: 12.169 Thread 0x000002424e671580 Implicit null exception at 0x000002425e2ef14b to 0x000002425e2ef36c
Event: 12.316 Thread 0x000002424e671580 Exception <a 'java/lang/NoSuchMethodError'{0x0000000084864ea8}: 'java.lang.Object java.lang.invoke.DirectMethodHandle$Holder.invokeSpecial(java.lang.Object, java.lang.Object, int, java.lang.Object, int, java.lang.Object)'> (0x0000000084864ea8) 
thrown [s\open\src\hotspot\share\interpreter\linkResolver.cpp, line 773]
Event: 12.316 Thread 0x000002424e671580 Exception <a 'java/lang/NoSuchMethodError'{0x000000008486c9b8}: 'java.lang.Object java.lang.invoke.DirectMethodHandle$Holder.newInvokeSpecial(java.lang.Object, java.lang.Object, int, java.lang.Object, int)'> (0x000000008486c9b8) 
thrown [s\open\src\hotspot\share\interpreter\linkResolver.cpp, line 773]
Event: 12.317 Thread 0x000002424e671580 Exception <a 'java/lang/NoSuchMethodError'{0x0000000084870828}: 'java.lang.Object java.lang.invoke.DirectMethodHandle$Holder.invokeSpecial(java.lang.Object, java.lang.Object, java.lang.Object, int, java.lang.Object, int)'> (0x0000000084870828) 
thrown [s\open\src\hotspot\share\interpreter\linkResolver.cpp, line 773]

VM Operations (20 events):
Event: 11.641 Executing VM operation: HandshakeAllThreads
Event: 11.641 Executing VM operation: HandshakeAllThreads done
Event: 11.761 Executing VM operation: G1CollectForAllocation
Event: 11.770 Executing VM operation: G1CollectForAllocation done
Event: 11.892 Executing VM operation: HandshakeAllThreads
Event: 11.892 Executing VM operation: HandshakeAllThreads done
Event: 11.959 Executing VM operation: HandshakeAllThreads
Event: 11.959 Executing VM operation: HandshakeAllThreads done
Event: 12.049 Executing VM operation: HandshakeAllThreads
Event: 12.049 Executing VM operation: HandshakeAllThreads done
Event: 12.083 Executing VM operation: HandshakeAllThreads
Event: 12.083 Executing VM operation: HandshakeAllThreads done
Event: 13.085 Executing VM operation: Cleanup
Event: 13.086 Executing VM operation: Cleanup done
Event: 21.150 Executing VM operation: Cleanup
Event: 21.151 Executing VM operation: Cleanup done
Event: 25.288 Executing VM operation: HandshakeAllThreads
Event: 25.288 Executing VM operation: HandshakeAllThreads done
Event: 25.288 Executing VM operation: Cleanup
Event: 25.288 Executing VM operation: Cleanup done

Events (20 events):
Event: 8.574 Thread 0x000002427024c270 Thread added: 0x000002427024c270
Event: 8.692 Thread 0x000002427024b280 Thread added: 0x000002427024b280
Event: 10.998 Thread 0x000002427024b7d0 Thread added: 0x000002427024b7d0
Event: 11.000 Thread 0x000002427024bd20 Thread added: 0x000002427024bd20
Event: 11.007 Thread 0x00000242705f2650 Thread added: 0x00000242705f2650
Event: 12.329 Thread 0x00000242705f0bc0 Thread added: 0x00000242705f0bc0
Event: 12.329 Thread 0x00000242705eebe0 Thread added: 0x00000242705eebe0
Event: 12.329 Thread 0x00000242705f2100 Thread added: 0x00000242705f2100
Event: 12.329 Thread 0x00000242705ed6a0 Thread added: 0x00000242705ed6a0
Event: 12.329 Thread 0x00000242705ef130 Thread added: 0x00000242705ef130
Event: 12.329 Thread 0x00000242705ef680 Thread added: 0x00000242705ef680
Event: 12.329 Thread 0x00000242705f2ba0 Thread added: 0x00000242705f2ba0
Event: 12.330 Thread 0x00000242705f1110 Thread added: 0x00000242705f1110
Event: 12.330 Thread 0x00000242705ed150 Thread added: 0x00000242705ed150
Event: 12.330 Thread 0x00000242705f30f0 Thread added: 0x00000242705f30f0
Event: 12.348 Thread 0x00000242705f0120 Thread added: 0x00000242705f0120
Event: 12.350 Thread 0x00000242705efbd0 Thread added: 0x00000242705efbd0
Event: 12.377 Thread 0x000002424e671580 Thread exited: 0x000002424e671580
Event: 12.378 Thread 0x00000242705f3640 Thread added: 0x00000242705f3640
Event: 14.006 Thread 0x000002427024b280 Thread exited: 0x000002427024b280


Dynamic libraries:
0x00007ff6aa620000 - 0x00007ff6aa630000 	C:\Program Files\Java\jdk-20.0.1\bin\java.exe
0x00007ff826fd0000 - 0x00007ff8271e4000 	C:\WINDOWS\SYSTEM32\ntdll.dll
0x00007ff8259e0000 - 0x00007ff825aa2000 	C:\WINDOWS\System32\KERNEL32.DLL
0x00007ff824a00000 - 0x00007ff824da3000 	C:\WINDOWS\System32\KERNELBASE.dll
0x00007ff824680000 - 0x00007ff824791000 	C:\WINDOWS\System32\ucrtbase.dll
0x00007ff812330000 - 0x00007ff812349000 	C:\Program Files\Java\jdk-20.0.1\bin\jli.dll
0x00007ff824fd0000 - 0x00007ff82507e000 	C:\WINDOWS\System32\ADVAPI32.dll
0x00007ff812130000 - 0x00007ff81214b000 	C:\Program Files\Java\jdk-20.0.1\bin\VCRUNTIME140.dll
0x00007ff825620000 - 0x00007ff8256c7000 	C:\WINDOWS\System32\msvcrt.dll
0x00007ff8256f0000 - 0x00007ff825794000 	C:\WINDOWS\System32\sechost.dll
0x00007ff824db0000 - 0x00007ff824ec7000 	C:\WINDOWS\System32\RPCRT4.dll
0x00007ff825bd0000 - 0x00007ff825d7b000 	C:\WINDOWS\System32\USER32.dll
0x00007ff824650000 - 0x00007ff824676000 	C:\WINDOWS\System32\win32u.dll
0x00007ff824ed0000 - 0x00007ff824ef9000 	C:\WINDOWS\System32\GDI32.dll
0x00007ff8247a0000 - 0x00007ff8248b9000 	C:\WINDOWS\System32\gdi32full.dll
0x00007ff80f630000 - 0x00007ff80f8be000 	C:\WINDOWS\WinSxS\amd64_microsoft.windows.common-controls_6595b64144ccf1df_6.0.22621.1635_none_270f70857386168e\COMCTL32.dll
0x00007ff8245b0000 - 0x00007ff82464a000 	C:\WINDOWS\System32\msvcp_win.dll
0x00007ff817310000 - 0x00007ff81731a000 	C:\WINDOWS\SYSTEM32\VERSION.dll
0x00007ff824f00000 - 0x00007ff824f31000 	C:\WINDOWS\System32\IMM32.DLL
0x00007ff812440000 - 0x00007ff81244c000 	C:\Program Files\Java\jdk-20.0.1\bin\vcruntime140_1.dll
0x00007ff801e80000 - 0x00007ff801f0e000 	C:\Program Files\Java\jdk-20.0.1\bin\msvcp140.dll
0x00007fffd0700000 - 0x00007fffd1397000 	C:\Program Files\Java\jdk-20.0.1\bin\server\jvm.dll
0x00007ff81c0c0000 - 0x00007ff81c0f4000 	C:\WINDOWS\SYSTEM32\WINMM.dll
0x00007ff81f3a0000 - 0x00007ff81f3a9000 	C:\WINDOWS\SYSTEM32\WSOCK32.dll
0x00007ff826e10000 - 0x00007ff826e81000 	C:\WINDOWS\System32\WS2_32.dll
0x00007ff8234d0000 - 0x00007ff8234e8000 	C:\WINDOWS\SYSTEM32\kernel.appcore.dll
0x00007ff812210000 - 0x00007ff81221a000 	C:\Program Files\Java\jdk-20.0.1\bin\jimage.dll
0x00007ff821d70000 - 0x00007ff821f9e000 	C:\WINDOWS\SYSTEM32\DBGHELP.DLL
0x00007ff825080000 - 0x00007ff825409000 	C:\WINDOWS\System32\combase.dll
0x00007ff826400000 - 0x00007ff8264d7000 	C:\WINDOWS\System32\OLEAUT32.dll
0x00007ff812fe0000 - 0x00007ff813012000 	C:\WINDOWS\SYSTEM32\dbgcore.DLL
0x00007ff8248c0000 - 0x00007ff82493b000 	C:\WINDOWS\System32\bcryptPrimitives.dll
0x00007ff80bc30000 - 0x00007ff80bc3e000 	C:\Program Files\Java\jdk-20.0.1\bin\instrument.dll
0x00007ff8120a0000 - 0x00007ff8120c6000 	C:\Program Files\Java\jdk-20.0.1\bin\java.dll
0x00007fffeae40000 - 0x00007fffeaf17000 	C:\Program Files\Java\jdk-20.0.1\bin\jsvml.dll
0x00007ff826590000 - 0x00007ff826d8a000 	C:\WINDOWS\System32\SHELL32.dll
0x00007ff822390000 - 0x00007ff822c5e000 	C:\WINDOWS\SYSTEM32\windows.storage.dll
0x00007ff822250000 - 0x00007ff82238e000 	C:\WINDOWS\SYSTEM32\wintypes.dll
0x00007ff826e90000 - 0x00007ff826f81000 	C:\WINDOWS\System32\SHCORE.dll
0x00007ff825410000 - 0x00007ff82546e000 	C:\WINDOWS\System32\shlwapi.dll
0x00007ff824300000 - 0x00007ff824321000 	C:\WINDOWS\SYSTEM32\profapi.dll
0x00007ff80f9e0000 - 0x00007ff80f9f8000 	C:\Program Files\Java\jdk-20.0.1\bin\zip.dll
0x00007ff812060000 - 0x00007ff812073000 	C:\Program Files\Java\jdk-20.0.1\bin\net.dll
0x00007ff81bab0000 - 0x00007ff81bbe7000 	C:\WINDOWS\SYSTEM32\WINHTTP.dll
0x00007ff823940000 - 0x00007ff8239a9000 	C:\WINDOWS\system32\mswsock.dll
0x00007ff811f70000 - 0x00007ff811f86000 	C:\Program Files\Java\jdk-20.0.1\bin\nio.dll
0x00007ff80bc10000 - 0x00007ff80bc2a000 	D:\Program Files\JetBrains\IntelliJ IDEA Community Edition 2023.1.3\bin\breakgen64.dll
0x00007ff811710000 - 0x00007ff811717000 	C:\Program Files\Java\jdk-20.0.1\bin\extnet.dll
0x00007ff80dc50000 - 0x00007ff80dc60000 	C:\Program Files\Java\jdk-20.0.1\bin\verify.dll
0x00007ff805b70000 - 0x00007ff805b7a000 	C:\Program Files\Java\jdk-20.0.1\bin\management.dll
0x00007ff805650000 - 0x00007ff80565b000 	C:\Program Files\Java\jdk-20.0.1\bin\management_ext.dll
0x00007ff825ab0000 - 0x00007ff825ab8000 	C:\WINDOWS\System32\PSAPI.DLL
0x00007ff80d910000 - 0x00007ff80d927000 	C:\WINDOWS\system32\napinsp.dll
0x00007ff80d660000 - 0x00007ff80d67b000 	C:\WINDOWS\system32\pnrpnsp.dll
0x00007ff822fa0000 - 0x00007ff823093000 	C:\WINDOWS\SYSTEM32\DNSAPI.dll
0x00007ff822f30000 - 0x00007ff822f5d000 	C:\WINDOWS\SYSTEM32\IPHLPAPI.DLL
0x00007ff825bc0000 - 0x00007ff825bc9000 	C:\WINDOWS\System32\NSI.dll
0x00007ff80cf00000 - 0x00007ff80cf11000 	C:\WINDOWS\System32\winrnr.dll
0x00007ff80cec0000 - 0x00007ff80ced5000 	C:\WINDOWS\system32\wshbth.dll
0x00007ff80ce60000 - 0x00007ff80ce81000 	C:\WINDOWS\system32\nlansp_c.dll
0x0000000058a90000 - 0x0000000058ab6000 	C:\Program Files\Bonjour\mdnsNSP.dll
0x00007ff811800000 - 0x00007ff81180a000 	C:\Windows\System32\rasadhlp.dll
0x00007ff8180b0000 - 0x00007ff818134000 	C:\WINDOWS\System32\fwpuclnt.dll
0x00007ff823b80000 - 0x00007ff823b9b000 	C:\WINDOWS\SYSTEM32\CRYPTSP.dll
0x00007ff823440000 - 0x00007ff823475000 	C:\WINDOWS\system32\rsaenh.dll
0x00007ff823a10000 - 0x00007ff823a38000 	C:\WINDOWS\SYSTEM32\USERENV.dll
0x00007ff823d80000 - 0x00007ff823da8000 	C:\WINDOWS\SYSTEM32\bcrypt.dll
0x00007ff823ba0000 - 0x00007ff823bac000 	C:\WINDOWS\SYSTEM32\CRYPTBASE.dll
0x00007ff81a740000 - 0x00007ff81a759000 	C:\WINDOWS\SYSTEM32\dhcpcsvc6.DLL
0x00007ff81a720000 - 0x00007ff81a73f000 	C:\WINDOWS\SYSTEM32\dhcpcsvc.DLL
0x00007ff81f3d0000 - 0x00007ff81f3de000 	C:\Program Files\Java\jdk-20.0.1\bin\sunmscapi.dll
0x00007ff8243d0000 - 0x00007ff824537000 	C:\WINDOWS\System32\CRYPT32.dll
0x00007ff823d50000 - 0x00007ff823d7e000 	C:\WINDOWS\SYSTEM32\ncrypt.dll
0x00007ff823d10000 - 0x00007ff823d47000 	C:\WINDOWS\SYSTEM32\NTASN1.dll
0x00007ffff1750000 - 0x00007ffff1758000 	C:\WINDOWS\system32\wshunix.dll

dbghelp: loaded successfully - version: 4.0.5 - missing functions: none
symbol engine: initialized successfully - sym options: 0x614 - pdb path: .;C:\Program Files\Java\jdk-20.0.1\bin;C:\WINDOWS\SYSTEM32;C:\WINDOWS\WinSxS\amd64_microsoft.windows.common-controls_6595b64144ccf1df_6.0.22621.1635_none_270f70857386168e;C:\Program Files\Java\jdk-20.0.1\bin\server;D:\Program Files\JetBrains\IntelliJ IDEA Community Edition 2023.1.3\bin;C:\Program Files\Bonjour

VM Arguments:
jvm_args: -javaagent:D:\Program Files\JetBrains\IntelliJ IDEA Community Edition 2023.1.3\lib\idea_rt.jar=63821:D:\Program Files\JetBrains\IntelliJ IDEA Community Edition 2023.1.3\bin -Dfile.encoding=UTF-8 -Dsun.stdout.encoding=UTF-8 -Dsun.stderr.encoding=UTF-8 
java_command: com.cafems.yehor.YehorApplication
java_class_path (initial): E:\.Java\posIms\target\classes;C:\Users\1\.m2\repository\org\springframework\boot\spring-boot-starter-data-jpa\2.7.13\spring-boot-starter-data-jpa-2.7.13.jar;C:\Users\1\.m2\repository\org\springframework\boot\spring-boot-starter-aop\2.7.13\spring-boot-starter-aop-2.7.13.jar;C:\Users\1\.m2\repository\org\aspectj\aspectjweaver\1.9.7\aspectjweaver-1.9.7.jar;C:\Users\1\.m2\repository\jakarta\transaction\jakarta.transaction-api\1.3.3\jakarta.transaction-api-1.3.3.jar;C:\Users\1\.m2\repository\jakarta\persistence\jakarta.persistence-api\2.2.3\jakarta.persistence-api-2.2.3.jar;C:\Users\1\.m2\repository\org\hibernate\hibernate-core\5.6.15.Final\hibernate-core-5.6.15.Final.jar;C:\Users\1\.m2\repository\org\jboss\logging\jboss-logging\3.4.3.Final\jboss-logging-3.4.3.Final.jar;C:\Users\1\.m2\repository\net\bytebuddy\byte-buddy\1.12.23\byte-buddy-1.12.23.jar;C:\Users\1\.m2\repository\antlr\antlr\2.7.7\antlr-2.7.7.jar;C:\Users\1\.m2\repository\org\jboss\jandex\2.4.2.Final\jandex-2.4.2.Final.jar;C:\Users\1\.m2\repository\com\fasterxml\classmate\1.5.1\classmate-1.5.1.jar;C:\Users\1\.m2\repository\org\hibernate\common\hibernate-commons-annotations\5.1.2.Final\hibernate-commons-annotations-5.1.2.Final.jar;C:\Users\1\.m2\repository\org\glassfish\jaxb\jaxb-runtime\2.3.8\jaxb-runtime-2.3.8.jar;C:\Users\1\.m2\repository\org\glassfish\jaxb\txw2\2.3.8\txw2-2.3.8.jar;C:\Users\1\.m2\repository\com\sun\istack\istack-commons-runtime\3.0.12\istack-commons-runtime-3.0.12.jar;C:\Users\1\.m2\repository\org\springframework\data\spring-data-jpa\2.7.13\spring-data-jpa-2.7.13.jar;C:\Users\1\.m2\repository\org\springframework\data\spring-data-commons\2.7.13\spring-data-commons-2.7.13.jar;C:\Users\1\.m2\repository\org\springframework\spring-orm\5.3.28\spring-orm-5.3.28.jar;C:\Users\1\.m2\repository\org\springframework\spring-context\5.3.28\spring-context-5.3.28.jar;C:\Users\1\.m2\repository\org\springframework\spring-tx\5.3.28\spring-tx-5.3.28.jar;C:\Users\1\.m2\repository\org\springframework\spring-beans\5.3.28\spring-beans-5.3.28.jar;C:\Users\1\.m2\repository\org\slf4j\slf4j-api\1.7.36\slf4j-api-1.7.36.jar;C:\Users\1\.m2\repository\org\springframework\spring-aspects\5.3.28\spring-aspects-5.3.28.jar;C:\Users\1\.m2\repository\org\springframework\boot\spring-boot-starter-jdbc\2.7.13\spring-boot-starter-jdbc-2.7.13.jar;C:\Users\1\.m2\repository\org\springframework\boot\spring-boot-starter\2.7.13\spring-boot-starter-2.7.13.jar;C:\Users\1\.m2\repository\org\springframework\boot\spring-boot\2.7.13\spring-boot-2.7.13.jar;C:\Users\1\.m2\repository\org\springframework\boot\spring-boot-autoconfigure\2.7.13\spring-boot-autoconfigure-2.7.13.jar;C:\Users\1\.m2\repository\org\springframework\boot\spring-boot-starter-logging\2.7.13\spring-boot-starter-logging-2.7.13.jar;C:\Users\1\.m2\repository\ch\qos\logback\logback-classic\1.2.12\logback-classic-1.2.12.jar;C:\Users\1\.m2\repository\ch\qos\logback\logback-core\1.2.12\logback-core-1.2.12.jar;C:\Users\1\.m2\repository\org\apache\logging\log4j\log4j-to-slf4j\2.17.2\log4j-to-slf4j-2.17.2.jar;C:\Users\1\.m2\repository\org\apache\logging\log4j\log4j-api\2.17.2\log4j-api-2.17.2.jar;C:\Users\1\.m2\repository\org\slf4j\jul-to-slf4j\1.7.36\jul-to-slf4j-1.7.36.jar;C:\Users\1\.m2\repository\jakarta\annotation\jakarta.annotation-api\1.3.5\jakarta.annotation-api-1.3.5.jar;C:\Users\1\.m2\repository\org\yaml\snakeyaml\1.30\snakeyaml-1.30.jar;C:\Users\1\.m2\repository\com\zaxxer\HikariCP\4.0.3\HikariCP-4.0.3.jar;C:\Users\1\.m2\repository\org\springframework\spring-jdbc\5.3.28\spring-jdbc-5.3.28.jar;C:\Users\1\.m2\repository\org\springframework\boot\spring-boot-starter-web\2.7.13\spring-boot-starter-web-2.7.13.jar;C:\Users\1\.m2\repository\org\springframework\boot\spring-boot-starter-json\2.7.13\spring-boot-starter-json-2.7.13.jar;C:\Users\1\.m2\repository\com\fasterxml\jackson\datatype\jackson-datatype-jdk8\2.13.5\jackson-datatype-jdk8-2.13.5.jar;C:\Users\1\.m2\repository\com\fasterxml\jackson\datatype\jackson-datatype-jsr310\2.13.5\jackson-datatype-jsr310-2.13.5.jar;C:\Users\1\.m2\repository\com\fasterxml\jackson\module\jackson-module-parameter-names\2.13.5\jackson-module-parameter-names-2.13.5.jar;C:\Users\1\.m2\repository\org\springframework\boot\spring-boot-starter-tomcat\2.7.13\spring-boot-starter-tomcat-2.7.13.jar;C:\Users\1\.m2\repository\org\apache\tomcat\embed\tomcat-embed-core\9.0.76\tomcat-embed-core-9.0.76.jar;C:\Users\1\.m2\repository\org\apache\tomcat\embed\tomcat-embed-el\9.0.76\tomcat-embed-el-9.0.76.jar;C:\Users\1\.m2\repository\org\apache\tomcat\embed\tomcat-embed-websocket\9.0.76\tomcat-embed-websocket-9.0.76.jar;C:\Users\1\.m2\repository\org\springframework\spring-web\5.3.28\spring-web-5.3.28.jar;C:\Users\1\.m2\repository\org\springframework\spring-webmvc\5.3.28\spring-webmvc-5.3.28.jar;C:\Users\1\.m2\repository\org\springframework\spring-expression\5.3.28\spring-expression-5.3.28.jar;C:\Users\1\.m2\repository\com\mysql\mysql-connector-j\8.0.33\mysql-connector-j-8.0.33.jar;C:\Users\1\.m2\repository\org\projectlombok\lombok\1.18.28\lombok-1.18.28.jar;C:\Users\1\.m2\repository\jakarta\xml\bind\jakarta.xml.bind-api\2.3.3\jakarta.xml.bind-api-2.3.3.jar;C:\Users\1\.m2\repository\jakarta\activation\jakarta.activation-api\1.2.2\jakarta.activation-api-1.2.2.jar;C:\Users\1\.m2\repository\org\springframework\spring-core\5.3.28\spring-core-5.3.28.jar;C:\Users\1\.m2\repository\org\springframework\spring-jcl\5.3.28\spring-jcl-5.3.28.jar;C:\Users\1\.m2\repository\com\itextpdf\itextpdf\5.5.10\itextpdf-5.5.10.jar;C:\Users\1\.m2\repository\org\apache\pdfbox\pdfbox\2.0.4\pdfbox-2.0.4.jar;C:\Users\1\.m2\repository\org\apache\pdfbox\fontbox\2.0.4\fontbox-2.0.4.jar;C:\Users\1\.m2\repository\commons-logging\commons-logging\1.2\commons-logging-1.2.jar;C:\Users\1\.m2\repository\com\google\guava\guava\23.0\guava-23.0.jar;C:\Users\1\.m2\repository\com\google\code\findbugs\jsr305\1.3.9\jsr305-1.3.9.jar;C:\Users\1\.m2\repository\com\google\errorprone\error_prone_annotations\2.0.18\error_prone_annotations-2.0.18.jar;C:\Users\1\.m2\repository\com\google\j2objc\j2objc-annotations\1.1\j2objc-annotations-1.1.jar;C:\Users\1\.m2\repository\org\codehaus\mojo\animal-sniffer-annotations\1.14\animal-sniffer-annotations-1.14.jar;C:\Users\1\.m2\repository\com\google\code\gson\gson\2.8.9\gson-2.8.9.jar;C:\Users\1\.m2\repository\com\vaadin\external\google\android-json\0.0.20131108.vaadin1\android-json-0.0.20131108.vaadin1.jar;C:\Users\1\.m2\repository\org\springframework\boot\spring-boot-starter-security\2.7.13\spring-boot-starter-security-2.7.13.jar;C:\Users\1\.m2\repository\org\springframework\spring-aop\5.3.28\spring-aop-5.3.28.jar;C:\Users\1\.m2\repository\org\springframework\security\spring-security-config\5.7.9\spring-security-config-5.7.9.jar;C:\Users\1\.m2\repository\org\springframework\security\spring-security-web\5.7.9\spring-security-web-5.7.9.jar;C:\Users\1\.m2\repository\org\springframework\security\spring-security-core\5.7.9\spring-security-core-5.7.9.jar;C:\Users\1\.m2\repository\org\springframework\security\spring-security-crypto\5.7.9\spring-security-crypto-5.7.9.jar;C:\Users\1\.m2\repository\io\jsonwebtoken\jjwt\0.9.1\jjwt-0.9.1.jar;C:\Users\1\.m2\repository\com\fasterxml\jackson\core\jackson-databind\2.13.5\jackson-databind-2.13.5.jar;C:\Users\1\.m2\repository\com\fasterxml\jackson\core\jackson-annotations\2.13.5\jackson-annotations-2.13.5.jar;C:\Users\1\.m2\repository\com\fasterxml\jackson\core\jackson-core\2.13.5\jackson-core-2.13.5.jar;C:\Users\1\.m2\repository\org\springframework\boot\spring-boot-starter-mail\2.5.6\spring-boot-starter-mail-2.5.6.jar;C:\Users\1\.m2\repository\org\springframework\spring-context-support\5.3.28\spring-context-support-5.3.28.jar;C:\Users\1\.m2\repository\com\sun\mail\jakarta.mail\1.6.7\jakarta.mail-1.6.7.jar;C:\Users\1\.m2\repository\com\sun\activation\jakarta.activation\1.2.2\jakarta.activation-1.2.2.jar
Launcher Type: SUN_STANDARD

[Global flags]
     intx CICompilerCount                          = 3                                         {product} {ergonomic}
     uint ConcGCThreads                            = 1                                         {product} {ergonomic}
     uint G1ConcRefinementThreads                  = 4                                         {product} {ergonomic}
   size_t G1HeapRegionSize                         = 1048576                                   {product} {ergonomic}
    uintx GCDrainStackTargetSize                   = 64                                        {product} {ergonomic}
   size_t InitialHeapSize                          = 134217728                                 {product} {ergonomic}
   size_t MarkStackSize                            = 4194304                                   {product} {ergonomic}
   size_t MaxHeapSize                              = 2116026368                                {product} {ergonomic}
   size_t MaxNewSize                               = 1268776960                                {product} {ergonomic}
   size_t MinHeapDeltaBytes                        = 1048576                                   {product} {ergonomic}
   size_t MinHeapSize                              = 8388608                                   {product} {ergonomic}
    uintx NonNMethodCodeHeapSize                   = 5832780                                {pd product} {ergonomic}
    uintx NonProfiledCodeHeapSize                  = 122912730                              {pd product} {ergonomic}
    uintx ProfiledCodeHeapSize                     = 122912730                              {pd product} {ergonomic}
    uintx ReservedCodeCacheSize                    = 251658240                              {pd product} {ergonomic}
     bool SegmentedCodeCache                       = true                                      {product} {ergonomic}
   size_t SoftMaxHeapSize                          = 2116026368                             {manageable} {ergonomic}
     bool UseCompressedClassPointers               = true                           {product lp64_product} {ergonomic}
     bool UseCompressedOops                        = true                           {product lp64_product} {ergonomic}
     bool UseG1GC                                  = true                                      {product} {ergonomic}
     bool UseLargePagesIndividualAllocation        = false                                  {pd product} {ergonomic}

Logging:
Log output configuration:
 #0: stdout all=warning uptime,level,tags foldmultilines=false
 #1: stderr all=off uptime,level,tags foldmultilines=false

Environment Variables:
JAVA_HOME=C:\Program Files\Java\jdk-20.0.1
PATH=D:\ProgramData\Anaconda3\Library\bin;D:\ProgramData\Anaconda3\Scripts;D:\ProgramData\Anaconda3\condabin;C:\Program Files (x86)\NVIDIA Corporation\PhysX\Common;E:\workstation installer\bin\;C:\WINDOWS\system32;C:\WINDOWS;C:\WINDOWS\System32\Wbem;C:\WINDOWS\System32\WindowsPowerShell\v1.0\;C:\WINDOWS\System32\OpenSSH\;D:\Wget;E:\Program Files\PostgreSQL\14\bin;D:\Program Files\Git\cmd;C:\Users\1\AppData\Roaming\npm\;D:\Program Files\nodejs\;C:\Program Files\dotnet\;C:\Program Files\Notepad++;C:\Program Files\PowerShell\7\;E:\Program Files\msys64\mingw64\bin;E:\Program Files\CMake\bin;D:\3 course 2 semester\Web\Studying PHP\php\php;C:\Users\1\AppData\Roaming\pypoetry\venv\Scripts;D:\__olcGameEngine\olcPixelGameEngine\;C:\Program Files\PuTTY\;C:\Program Files\Apache Maven\apache-maven-3.9.2\bin;;C:\Program Files\Docker\Docker\resources\bin;C:\Users\1\.cargo\bin;C:\Users\1\AppData\Local\atom\bin;D:\CLion 2020.1.1\bin;;C:\Users\1\AppData\Local\Microsoft\WindowsApps;D:\Microsoft VS Code Insiders\bin;C:\Program Files\Azure Data Studio\bin;C:\Windows\Microsoft.NET\Framework\v4.0.30319;C:\Users\1\.dotnet\tools;C:\Users\1\AppData\Roaming\npm;C:\Users\1\AppData\Local\GitHubDesktop\bin;D:\Program Files\JetBrains\IntelliJ IDEA Community Edition 2023.1.3\bin;;C:\Program Files\Java\jdk-20.0.1\bin;C:\Users\1\AppData\Roaming\npm\;D:\Program Files\nodejs\;C:\Program Files\dotnet\;E:\Program Files\JetBrains\PyCharm Community Edition 2022.3\bin;;E:\Program Files\msys64\mingw64\bin;E:\Program Files\CMake\bin;E:\Program Files\JetBrains\IntelliJ IDEA 2023.1.2\bin;;D:\Microsoft VS Code\bin;C:\WINDOWS\System32\OpenSSH\;
USERNAME=1
OS=Windows_NT
PROCESSOR_IDENTIFIER=Intel64 Family 6 Model 142 Stepping 9, GenuineIntel
TMP=C:\Users\1\AppData\Local\Temp
TEMP=C:\Users\1\AppData\Local\Temp




---------------  S Y S T E M  ---------------

OS:
 Windows 11 , 64 bit Build 22621 (10.0.22621.1778)
OS uptime: 10 days 5:46 hours
Hyper-V role detected

CPU: total 4 (initial active 4) (2 cores per cpu, 2 threads per core) family 6 model 142 stepping 9 microcode 0xde, cx8, cmov, fxsr, ht, mmx, 3dnowpref, sse, sse2, sse3, ssse3, sse4.1, sse4.2, popcnt, lzcnt, tsc, tscinvbit, avx, avx2, aes, erms, clmul, bmi1, bmi2, adx, fma, vzeroupper, clflush, clflushopt, hv, rdtscp, f16c

Memory: 4k page, system-wide physical 8066M (286M free)
TotalPageFile size 16258M (AvailPageFile size 2M)
current process WorkingSet (physical memory assigned to process): 206M, peak: 217M
current process commit charge ("private bytes"): 237M, peak: 268M

vm_info: Java HotSpot(TM) 64-Bit Server VM (20.0.1+9-29) for windows-amd64 JRE (20.0.1+9-29), built on 2023-03-07T13:56:11Z by "mach5one" with MS VC++ 17.1 (VS2022)

END.
